<?xml version="1.0" encoding="UTF-8"?>
<!-- Generated by org.testng.reporters.JUnitXMLReporter -->
<testsuite hostname="Ilshat777" ignored="10" name="Default test" tests="7" failures="0" timestamp="12 Aug 2018 23:27:18 GMT" time="98.564" errors="0">
  <testcase name="testControlGroup" time="15.656" classname="Project1.Drag"/>
  <testcase name="testDialog" time="12.08" classname="Project1.Drag"/>
  <testcase name="testMenu" time="13.65" classname="Project1.Drag"/>
  <testcase name="testProgress" time="10.899" classname="Project1.Drag"/>
  <testcase name="testSelectMenu" time="13.397" classname="Project1.Drag"/>
  <testcase name="testTabs" time="12.387" classname="Project1.Drag"/>
  <testcase name="testToolTips" time="20.369" classname="Project1.Drag"/>
  <testcase name="testResizeable" time="0.0" classname="Project1.Drag">
    <ignored/>
  </testcase> <!-- testResizeable -->
  <testcase name="testRadioButton" time="0.0" classname="Project1.Drag">
    <ignored/>
  </testcase> <!-- testRadioButton -->
  <testcase name="testAccordion" time="0.0" classname="Project1.Drag">
    <ignored/>
  </testcase> <!-- testAccordion -->
  <testcase name="testDragable" time="0.0" classname="Project1.Drag">
    <ignored/>
  </testcase> <!-- testDragable -->
  <testcase name="testDatepicker" time="0.0" classname="Project1.Drag">
    <ignored/>
  </testcase> <!-- testDatepicker -->
  <testcase name="testSortable" time="0.0" classname="Project1.Drag">
    <ignored/>
  </testcase> <!-- testSortable -->
  <testcase name="testBotton" time="0.0" classname="Project1.Drag">
    <ignored/>
  </testcase> <!-- testBotton -->
  <testcase name="testSelectable" time="0.0" classname="Project1.Drag">
    <ignored/>
  </testcase> <!-- testSelectable -->
  <testcase name="testDropable" time="0.0" classname="Project1.Drag">
    <ignored/>
  </testcase> <!-- testDropable -->
  <testcase name="testAutocomplete" time="0.0" classname="Project1.Drag">
    <ignored/>
  </testcase> <!-- testAutocomplete -->
</testsuite> <!-- Default test -->
