<?xml version="1.0" encoding="UTF-8"?>
<testng-results skipped="0" failed="0" ignored="10" total="17" passed="7">
  <reporter-output>
  </reporter-output>
  <suite name="Default suite" duration-ms="98564" started-at="2018-08-12T23:25:38Z" finished-at="2018-08-12T23:27:17Z">
    <groups>
    </groups>
    <test name="Default test" duration-ms="98564" started-at="2018-08-12T23:25:38Z" finished-at="2018-08-12T23:27:17Z">
      <class name="Project1.Drag">
        <test-method status="PASS" signature="testControlGroup()[pri:0, instance:Project1.Drag@2a5ca609]" name="testControlGroup" duration-ms="15656" started-at="2018-08-12T19:25:39Z" finished-at="2018-08-12T19:25:54Z">
          <reporter-output>
          </reporter-output>
        </test-method> <!-- testControlGroup -->
        <test-method status="PASS" signature="testDialog()[pri:0, instance:Project1.Drag@2a5ca609]" name="testDialog" duration-ms="12080" started-at="2018-08-12T19:25:54Z" finished-at="2018-08-12T19:26:06Z">
          <reporter-output>
          </reporter-output>
        </test-method> <!-- testDialog -->
        <test-method status="PASS" signature="testMenu()[pri:0, instance:Project1.Drag@2a5ca609]" name="testMenu" duration-ms="13650" started-at="2018-08-12T19:26:06Z" finished-at="2018-08-12T19:26:20Z">
          <reporter-output>
          </reporter-output>
        </test-method> <!-- testMenu -->
        <test-method status="PASS" signature="testProgress()[pri:0, instance:Project1.Drag@2a5ca609]" name="testProgress" duration-ms="10899" started-at="2018-08-12T19:26:20Z" finished-at="2018-08-12T19:26:31Z">
          <reporter-output>
          </reporter-output>
        </test-method> <!-- testProgress -->
        <test-method status="PASS" signature="testSelectMenu()[pri:0, instance:Project1.Drag@2a5ca609]" name="testSelectMenu" duration-ms="13397" started-at="2018-08-12T19:26:31Z" finished-at="2018-08-12T19:26:44Z">
          <reporter-output>
          </reporter-output>
        </test-method> <!-- testSelectMenu -->
        <test-method status="PASS" signature="testTabs()[pri:0, instance:Project1.Drag@2a5ca609]" name="testTabs" duration-ms="12387" started-at="2018-08-12T19:26:44Z" finished-at="2018-08-12T19:26:57Z">
          <reporter-output>
          </reporter-output>
        </test-method> <!-- testTabs -->
        <test-method status="PASS" signature="testToolTips()[pri:0, instance:Project1.Drag@2a5ca609]" name="testToolTips" duration-ms="20369" started-at="2018-08-12T19:26:57Z" finished-at="2018-08-12T19:27:17Z">
          <reporter-output>
          </reporter-output>
        </test-method> <!-- testToolTips -->
      </class> <!-- Project1.Drag -->
    </test> <!-- Default test -->
  </suite> <!-- Default suite -->
</testng-results>
